EmuLinker server Starting...
Ready to accept connections on port 27888
// EmuLinker Kaillera Server BETA version 1.0.2 (05/22/2006) 
// Usage of this sofware is subject to the terms found in the included license
// For the most up-to-date information please visit: http://www.emulinker.org
EmuLinker server is running @ Tue Mar 30 09:06:34 CEST 2010
EmuLinker server Starting...
Ready to accept connections on port 27888
// EmuLinker Kaillera Server BETA version 1.0.2 (05/22/2006) 
// Usage of this sofware is subject to the terms found in the included license
// For the most up-to-date information please visit: http://www.emulinker.org
EmuLinker server is running @ Mon Apr 05 10:50:53 CEST 2010
Killed
EmuLinker server Starting...
Ready to accept connections on port 27888
// EmuLinker Kaillera Server BETA version 1.0.2 (05/22/2006) 
// Usage of this sofware is subject to the terms found in the included license
// For the most up-to-date information please visit: http://www.emulinker.org
EmuLinker server is running @ Mon Apr 05 11:06:42 CEST 2010
Killed
EmuLinker server Starting...
Ready to accept connections on port 27888
// EmuLinker Kaillera Server BETA version 1.0.2 (05/22/2006) 
// Usage of this sofware is subject to the terms found in the included license
// For the most up-to-date information please visit: http://www.emulinker.org
EmuLinker server is running @ Mon Apr 05 11:40:13 CEST 2010
Killed
EmuLinker server Starting...
Ready to accept connections on port 27888
// EmuLinker Kaillera Server BETA version 1.0.2 (05/22/2006) 
// Usage of this sofware is subject to the terms found in the included license
// For the most up-to-date information please visit: http://www.emulinker.org
EmuLinker server is running @ Mon Apr 05 11:43:25 CEST 2010
Killed
EmuLinker server Starting...
Ready to accept connections on port 27888
// EmuLinker Kaillera Server BETA version 1.0.2 (05/22/2006) 
// Usage of this sofware is subject to the terms found in the included license
// For the most up-to-date information please visit: http://www.emulinker.org
EmuLinker server is running @ Mon Apr 05 12:34:20 CEST 2010
Killed
EmuLinker server Starting...
Ready to accept connections on port 27888
// EmuLinker Kaillera Server BETA version 1.0.2 (05/22/2006) 
// Usage of this sofware is subject to the terms found in the included license
// For the most up-to-date information please visit: http://www.emulinker.org
EmuLinker server is running @ Mon Apr 05 12:37:37 CEST 2010
EmuLinker server Starting...
Failed to start! A server is already running: Failed to bind to port 27888
Killed
EmuLinker server Starting...
Ready to accept connections on port 27888
// EmuLinker Kaillera Server BETA version 1.0.2 (05/22/2006) 
// Usage of this sofware is subject to the terms found in the included license
// For the most up-to-date information please visit: http://www.emulinker.org
EmuLinker server is running @ Mon Apr 05 12:40:21 CEST 2010
Killed
EmuLinker server Starting...
Ready to accept connections on port 27888
// EmuLinker Kaillera Server BETA version 1.0.2 (05/22/2006) 
// Usage of this sofware is subject to the terms found in the included license
// For the most up-to-date information please visit: http://www.emulinker.org
EmuLinker server is running @ Mon Apr 05 12:50:19 CEST 2010
Killed
EmuLinker server Starting...
Ready to accept connections on port 27888
// EmuLinker Kaillera Server BETA version 1.0.2 (05/22/2006) 
// Usage of this sofware is subject to the terms found in the included license
// For the most up-to-date information please visit: http://www.emulinker.org
EmuLinker server is running @ Mon Apr 05 12:51:13 CEST 2010
Killed
EmuLinker server Starting...
Ready to accept connections on port 27888
// EmuLinker Kaillera Server BETA version 1.0.2 (05/22/2006) 
// Usage of this sofware is subject to the terms found in the included license
// For the most up-to-date information please visit: http://www.emulinker.org
EmuLinker server is running @ Tue Apr 06 17:59:18 CEST 2010
Killed
EmuLinker server Starting...
Ready to accept connections on port 27888
// EmuLinker Kaillera Server BETA version 1.0.2 (05/22/2006) 
// Usage of this sofware is subject to the terms found in the included license
// For the most up-to-date information please visit: http://www.emulinker.org
EmuLinker server is running @ Wed Apr 07 09:51:00 CEST 2010
Killed
